host: br014.ib.bridges2.psc.edu
Building DAG of jobs...
Using shell: /usr/bin/bash
Provided cores: 256
Rules claiming more threads will be scaled down.
Job stats:
job                           count
--------------------------  -------
all                               1
finaleme_convert_to_bigwig        1
finaleme_decode                   1
finaleme_train_model              1
total                             4

Select jobs to execute...
Execute 1 jobs...

[Sun May 25 14:09:04 2025]
localrule finaleme_train_model:
    input: output/Pilot_196.hg38.mdups/Pilot_196.hg38.mdups.CpgMultiMetricsStats.details.bed.gz
    output: output/Pilot_196.hg38.mdups/Pilot_196.hg38.mdups.finaleme.model, output/Pilot_196.hg38.mdups/Pilot_196.hg38.mdups.finaleme.training_prediction.bed.gz
    log: output/Pilot_196.hg38.mdups/logs/train_model.log
    jobid: 3
    reason: Missing output files: output/Pilot_196.hg38.mdups/Pilot_196.hg38.mdups.finaleme.model
    wildcards: sample=Pilot_196.hg38.mdups
    resources: tmpdir=/tmp

[Sun May 25 14:09:04 2025]
Error in rule finaleme_train_model:
    jobid: 3
    input: output/Pilot_196.hg38.mdups/Pilot_196.hg38.mdups.CpgMultiMetricsStats.details.bed.gz
    output: output/Pilot_196.hg38.mdups/Pilot_196.hg38.mdups.finaleme.model, output/Pilot_196.hg38.mdups/Pilot_196.hg38.mdups.finaleme.training_prediction.bed.gz
    log: output/Pilot_196.hg38.mdups/logs/train_model.log (check log file(s) for error details)
    shell:
        
        java -Xmx100G -cp "FinaleMe-0.58-jar-with-dependencies.jar:lib/jahmm-0.6.2.jar" org.cchmc.epifluidlab.finaleme.hmm.FinaleMe         output/Pilot_196.hg38.mdups/Pilot_196.hg38.mdups.finaleme.model         output/Pilot_196.hg38.mdups/Pilot_196.hg38.mdups.CpgMultiMetricsStats.details.bed.gz         output/Pilot_196.hg38.mdups/Pilot_196.hg38.mdups.finaleme.training_prediction.bed.gz         -miniDataPoints 7         -gmm         -covOutlier 3 > output/Pilot_196.hg38.mdups/logs/train_model.log 2>&1
        
        (one of the commands exited with non-zero exit code; note that snakemake uses bash strict mode!)

Shutting down, this might take some time.
Exiting because a job execution failed. Look above for error message
Complete log: .snakemake/log/2025-05-25T140904.290226.snakemake.log
WorkflowError:
At least one job did not complete successfully.
